<?xml version="1.0" encoding="UTF-8"?>
<testng-results skipped="0" failed="0" total="1" passed="1">
  <reporter-output>
  </reporter-output>
  <suite name="Default suite" duration-ms="19773" started-at="2018-12-08T18:21:26Z" finished-at="2018-12-08T18:21:46Z">
    <groups>
    </groups>
    <test name="Default test" duration-ms="19773" started-at="2018-12-08T18:21:26Z" finished-at="2018-12-08T18:21:46Z">
      <class name="com.technocredits.gitPrac.HarikaTest">
        <test-method status="PASS" signature="AutoComplete()[pri:0, instance:com.technocredits.gitPrac.HarikaTest@39aeed2f]" name="AutoComplete" duration-ms="19747" started-at="2018-12-08T23:51:26Z" finished-at="2018-12-08T23:51:46Z">
          <reporter-output>
          </reporter-output>
        </test-method> <!-- AutoComplete -->
      </class> <!-- com.technocredits.gitPrac.HarikaTest -->
    </test> <!-- Default test -->
  </suite> <!-- Default suite -->
</testng-results>
